Arguments: 
  /opt/homebrew/Cellar/node/21.1.0/bin/node /opt/homebrew/bin/yarn add axios

PATH: 
  /Users/mahek/anaconda3/bin:/Users/mahek/anaconda3/condabin:/Users/mahek/fsl/share/fsl/bin:/Users/mahek/fsl/share/fsl/bin:/opt/homebrew/bin:/opt/homebrew/sbin:/usr/local/bin:/System/Cryptexes/App/usr/bin:/usr/bin:/bin:/usr/sbin:/sbin:/opt/X11/bin:/Library/Apple/usr/bin:/Users/mahek/abin:/opt/homebrew/opt/python/libexec/bin:/Library/Frameworks/R.framework/Resources:/usr/local/gfortran/bin

Yarn version: 
  1.22.19

Node version: 
  21.1.0

Platform: 
  darwin arm64

Trace: 
  Error: EINVAL: invalid argument, mkdir '/Users/mahek/eco-picker-extension/node_modules/@typescript-eslint/parser/node_modules/@typescript-eslint'

npm manifest: 
  {
    "name": "eco-picker-extension",
    "version": "0.0.1",
    "description": "eco picker extension - buhacks 2023",
    "license": "MIT",
    "repository": {
      "type": "git",
      "url": "https://github.com/Jonghakseo/chrome-extension-boilerplate-react-vite.git"
    },
    "scripts": {
      "build": "tsc --noEmit && vite build",
      "build:firefox": "tsc --noEmit && cross-env __FIREFOX__=true vite build",
      "build:watch": "cross-env __DEV__=true vite build -w --mode development",
      "build:firefox:watch": "cross-env __DEV__=true __FIREFOX__=true vite build -w --mode development",
      "build:hmr": "rollup --config utils/reload/rollup.config.mjs",
      "wss": "node utils/reload/initReloadServer.js",
      "dev": "pnpm build:hmr && (run-p wss build:watch)",
      "dev:firefox": "pnpm build:hmr && (run-p wss build:firefox:watch)",
      "test": "jest",
      "commitlint": "commitlint --edit",
      "lint": "eslint src --ext .ts",
      "lint:fix": "pnpm lint --fix",
      "prettier": "prettier . --write",
      "prepare": "husky install"
    },
    "type": "module",
    "dependencies": {
      "construct-style-sheets-polyfill": "3.1.0",
      "react": "18.2.0",
      "react-dom": "18.2.0",
      "webextension-polyfill": "0.10.0"
    },
    "devDependencies": {
      "@commitlint/cli": "18.2.0",
      "@commitlint/config-conventional": "18.1.0",
      "@rollup/plugin-typescript": "11.1.5",
      "@testing-library/react": "14.0.0",
      "@types/chrome": "0.0.251",
      "@types/jest": "29.5.7",
      "@types/node": "20.8.10",
      "@types/react": "18.2.37",
      "@types/react-dom": "18.2.14",
      "@types/ws": "8.5.8",
      "@typescript-eslint/eslint-plugin": "6.10.0",
      "@typescript-eslint/parser": "6.9.1",
      "@vitejs/plugin-react": "4.2.0",
      "chokidar": "3.5.3",
      "cross-env": "7.0.3",
      "eslint": "8.53.0",
      "eslint-config-airbnb-typescript": "17.1.0",
      "eslint-config-prettier": "9.0.0",
      "eslint-plugin-import": "2.29.0",
      "eslint-plugin-jsx-a11y": "6.8.0",
      "eslint-plugin-prettier": "5.0.1",
      "eslint-plugin-react": "7.33.2",
      "eslint-plugin-react-hooks": "4.6.0",
      "fs-extra": "11.1.1",
      "husky": "8.0.3",
      "jest": "29.7.0",
      "jest-environment-jsdom": "29.7.0",
      "lint-staged": "15.0.2",
      "npm-run-all": "4.1.5",
      "prettier": "3.1.0",
      "rollup": "4.3.0",
      "sass": "1.69.5",
      "ts-jest": "29.1.1",
      "ts-loader": "9.5.0",
      "tslib": "2.6.2",
      "typescript": "5.2.2",
      "vite": "5.0.0",
      "ws": "8.14.2"
    },
    "lint-staged": {
      "*.{js,jsx,ts,tsx}": [
        "prettier --write",
        "eslint --fix"
      ]
    },
    "packageManager": "pnpm@8.9.2"
  }

yarn manifest: 
  No manifest

Lockfile: 
  No lockfile
